<?xml version="1.0" encoding="UTF-8"?>
<robot generator="Robot 6.0.2 (Python 3.11.1 on win32)" generated="20230121 15:53:10.799" rpa="false" schemaversion="3">
<suite id="s1" name="Demo2 Android Native App" source="C:\Users\40032117\robot_project\appium_suite\demo2_android_native_app.robot">
<test id="s1-t1" name="TC1 Sign Up" line="5">
<kw name="Create Dictionary" library="BuiltIn">
<var>&amp;{dic}</var>
<arg>buildName=khan lt7</arg>
<arg>projectName=khanmproject lt7</arg>
<arg>userName=sudharshank_WeG5ZS</arg>
<arg>accessKey=vVZ1CcqpUzfs528yAAfd</arg>
<doc>Creates and returns a dictionary based on the given ``items``.</doc>
<msg timestamp="20230121 15:53:11.221" level="INFO">&amp;{dic} = { buildName=khan lt7 | projectName=khanmproject lt7 | userName=sudharshank_WeG5ZS | accessKey=vVZ1CcqpUzfs528yAAfd }</msg>
<status status="PASS" starttime="20230121 15:53:11.220" endtime="20230121 15:53:11.222"/>
</kw>
<kw name="Open Application" library="AppiumLibrary">
<arg>remote_url=http://hub.browserstack.com/wd/hub</arg>
<arg>platformName=android</arg>
<arg>deviceName=Google Pixel 3</arg>
<arg>app=bs://8fb40f6cb6cc54794bb513c358392c7e78e2b1b8</arg>
<arg>platformVersion=9.0</arg>
<arg>bstack:options=${dic}</arg>
<doc>Opens a new application to given Appium server.
Capabilities of appium server, Android and iOS,
Please check https://github.com/appium/appium/blob/master/docs/en/writing-running-appium/server-args.md
| *Option*            | *Man.* | *Description*     |
| remote_url          | Yes    | Appium server url |
| alias               | no     | alias             |
| strict_ssl          | No     | allows you to send commands to an invalid certificate host like a self-signed one. |</doc>
<status status="PASS" starttime="20230121 15:53:11.223" endtime="20230121 15:53:39.617"/>
</kw>
<kw name="Wait Until Page Contains Element" library="AppiumLibrary">
<arg>xpath=//*[@text='Dismiss']</arg>
<doc>Waits until element specified with `locator` appears on current page.</doc>
<msg timestamp="20230121 15:53:42.665" level="INFO">xpath criteria: //*[@text='Dismiss']
xpath criteria: //*[@text='Dismiss']
xpath criteria: //*[@text='Dismiss']</msg>
<status status="PASS" starttime="20230121 15:53:39.617" endtime="20230121 15:53:42.665"/>
</kw>
<kw name="Click Element" library="AppiumLibrary">
<arg>xpath=//*[@text='Dismiss']</arg>
<doc>Click element identified by `locator`.</doc>
<msg timestamp="20230121 15:53:42.668" level="INFO">Clicking element 'xpath=//*[@text='Dismiss']'.</msg>
<msg timestamp="20230121 15:53:43.314" level="INFO">xpath criteria: //*[@text='Dismiss']</msg>
<status status="PASS" starttime="20230121 15:53:42.666" endtime="20230121 15:53:43.314"/>
</kw>
<kw name="Wait Until Page Contains Element" library="AppiumLibrary">
<arg>xpath=//android.widget.ImageView[@content-desc="Settings"]</arg>
<arg>30s</arg>
<doc>Waits until element specified with `locator` appears on current page.</doc>
<msg timestamp="20230121 15:53:44.051" level="INFO">xpath criteria: //android.widget.ImageView[@content-desc="Settings"]</msg>
<status status="PASS" starttime="20230121 15:53:43.314" endtime="20230121 15:53:44.051"/>
</kw>
<kw name="Click Element" library="AppiumLibrary">
<arg>xpath=//android.widget.ImageView[@content-desc="Settings"]</arg>
<doc>Click element identified by `locator`.</doc>
<msg timestamp="20230121 15:53:44.054" level="INFO">Clicking element 'xpath=//android.widget.ImageView[@content-desc="Settings"]'.</msg>
<msg timestamp="20230121 15:53:44.951" level="INFO">xpath criteria: //android.widget.ImageView[@content-desc="Settings"]</msg>
<status status="PASS" starttime="20230121 15:53:44.052" endtime="20230121 15:53:44.951"/>
</kw>
<kw name="Wait Until Page Contains Element" library="AppiumLibrary">
<arg>xpath=//android.widget.TextView[@text='Sign in']</arg>
<arg>30s</arg>
<doc>Waits until element specified with `locator` appears on current page.</doc>
<msg timestamp="20230121 15:53:45.818" level="INFO">xpath criteria: //android.widget.TextView[@text='Sign in']</msg>
<status status="PASS" starttime="20230121 15:53:44.951" endtime="20230121 15:53:45.818"/>
</kw>
<kw name="Click Element" library="AppiumLibrary">
<arg>xpath=//android.widget.TextView[@text='Sign in']</arg>
<doc>Click element identified by `locator`.</doc>
<msg timestamp="20230121 15:53:45.822" level="INFO">Clicking element 'xpath=//android.widget.TextView[@text='Sign in']'.</msg>
<msg timestamp="20230121 15:53:46.516" level="INFO">xpath criteria: //android.widget.TextView[@text='Sign in']</msg>
<status status="PASS" starttime="20230121 15:53:45.819" endtime="20230121 15:53:46.516"/>
</kw>
<kw name="Wait Until Page Contains Element" library="AppiumLibrary">
<arg>xpath=//android.widget.TextView[@text='Sign up with email']</arg>
<arg>30s</arg>
<doc>Waits until element specified with `locator` appears on current page.</doc>
<msg timestamp="20230121 15:53:47.514" level="INFO">xpath criteria: //android.widget.TextView[@text='Sign up with email']</msg>
<status status="PASS" starttime="20230121 15:53:46.517" endtime="20230121 15:53:47.514"/>
</kw>
<kw name="Click Element" library="AppiumLibrary">
<arg>xpath=//android.widget.TextView[@text='Sign up with email']</arg>
<doc>Click element identified by `locator`.</doc>
<msg timestamp="20230121 15:53:47.516" level="INFO">Clicking element 'xpath=//android.widget.TextView[@text='Sign up with email']'.</msg>
<msg timestamp="20230121 15:53:48.475" level="INFO">xpath criteria: //android.widget.TextView[@text='Sign up with email']</msg>
<status status="PASS" starttime="20230121 15:53:47.514" endtime="20230121 15:53:48.475"/>
</kw>
<kw name="Wait Until Page Contains Element" library="AppiumLibrary">
<arg>xpath=//android.widget.EditText[@content-desc="First name"]</arg>
<arg>30s</arg>
<doc>Waits until element specified with `locator` appears on current page.</doc>
<msg timestamp="20230121 15:53:49.237" level="INFO">xpath criteria: //android.widget.EditText[@content-desc="First name"]</msg>
<status status="PASS" starttime="20230121 15:53:48.476" endtime="20230121 15:53:49.238"/>
</kw>
<kw name="Input Text" library="AppiumLibrary">
<arg>xpath=//android.widget.EditText[@content-desc="First name"]</arg>
<arg>Sudharshan</arg>
<doc>Types the given `text` into text field identified by `locator`.</doc>
<msg timestamp="20230121 15:53:49.240" level="INFO">Typing text 'Sudharshan' into text field 'xpath=//android.widget.EditText[@content-desc="First name"]'</msg>
<msg timestamp="20230121 15:53:50.182" level="INFO">xpath criteria: //android.widget.EditText[@content-desc="First name"]</msg>
<status status="PASS" starttime="20230121 15:53:49.238" endtime="20230121 15:53:50.183"/>
</kw>
<kw name="Wait Until Page Contains Element" library="AppiumLibrary">
<arg>xpath=//android.widget.EditText[@content-desc="Last name"]</arg>
<arg>30s</arg>
<doc>Waits until element specified with `locator` appears on current page.</doc>
<msg timestamp="20230121 15:53:50.997" level="INFO">xpath criteria: //android.widget.EditText[@content-desc="Last name"]</msg>
<status status="PASS" starttime="20230121 15:53:50.184" endtime="20230121 15:53:50.998"/>
</kw>
<kw name="Input Text" library="AppiumLibrary">
<arg>xpath=//android.widget.EditText[@content-desc="Last name"]</arg>
<arg>Kannan</arg>
<doc>Types the given `text` into text field identified by `locator`.</doc>
<msg timestamp="20230121 15:53:51.002" level="INFO">Typing text 'Kannan' into text field 'xpath=//android.widget.EditText[@content-desc="Last name"]'</msg>
<msg timestamp="20230121 15:53:52.025" level="INFO">xpath criteria: //android.widget.EditText[@content-desc="Last name"]</msg>
<status status="PASS" starttime="20230121 15:53:50.999" endtime="20230121 15:53:52.025"/>
</kw>
<kw name="Wait Until Page Contains Element" library="AppiumLibrary">
<arg>xpath=//android.widget.EditText[@content-desc="Email address"]</arg>
<arg>30s</arg>
<doc>Waits until element specified with `locator` appears on current page.</doc>
<msg timestamp="20230121 15:53:52.713" level="INFO">xpath criteria: //android.widget.EditText[@content-desc="Email address"]</msg>
<status status="PASS" starttime="20230121 15:53:52.025" endtime="20230121 15:53:52.713"/>
</kw>
<kw name="Input Text" library="AppiumLibrary">
<arg>xpath=//android.widget.EditText[@content-desc="Email address"]</arg>
<arg>sudharshan123@gmail.com</arg>
<doc>Types the given `text` into text field identified by `locator`.</doc>
<msg timestamp="20230121 15:53:52.716" level="INFO">Typing text 'sudharshan123@gmail.com' into text field 'xpath=//android.widget.EditText[@content-desc="Email address"]'</msg>
<msg timestamp="20230121 15:53:54.281" level="INFO">xpath criteria: //android.widget.EditText[@content-desc="Email address"]</msg>
<status status="PASS" starttime="20230121 15:53:52.714" endtime="20230121 15:53:54.282"/>
</kw>
<kw name="Wait Until Page Contains Element" library="AppiumLibrary">
<arg>xpath=//android.widget.EditText[@content-desc="Password"]</arg>
<arg>30s</arg>
<doc>Waits until element specified with `locator` appears on current page.</doc>
<msg timestamp="20230121 15:53:54.799" level="INFO">xpath criteria: //android.widget.EditText[@content-desc="Password"]</msg>
<status status="PASS" starttime="20230121 15:53:54.282" endtime="20230121 15:53:54.799"/>
</kw>
<kw name="Input Text" library="AppiumLibrary">
<arg>xpath=//android.widget.EditText[@content-desc="Password"]</arg>
<arg>Sudhar@2018</arg>
<doc>Types the given `text` into text field identified by `locator`.</doc>
<msg timestamp="20230121 15:53:54.801" level="INFO">Typing text 'Sudhar@2018' into text field 'xpath=//android.widget.EditText[@content-desc="Password"]'</msg>
<msg timestamp="20230121 15:53:56.334" level="INFO">xpath criteria: //android.widget.EditText[@content-desc="Password"]</msg>
<status status="PASS" starttime="20230121 15:53:54.800" endtime="20230121 15:53:56.335"/>
</kw>
<kw name="Wait Until Page Contains Element" library="AppiumLibrary">
<arg>xpath=//android.view.ViewGroup[@content-desc="Birthday"]</arg>
<arg>30s</arg>
<doc>Waits until element specified with `locator` appears on current page.</doc>
<msg timestamp="20230121 15:53:57.011" level="INFO">xpath criteria: //android.view.ViewGroup[@content-desc="Birthday"]</msg>
<status status="PASS" starttime="20230121 15:53:56.335" endtime="20230121 15:53:57.011"/>
</kw>
<kw name="Click Element" library="AppiumLibrary">
<arg>xpath=//android.view.ViewGroup[@content-desc="Birthday"]</arg>
<doc>Click element identified by `locator`.</doc>
<msg timestamp="20230121 15:53:57.014" level="INFO">Clicking element 'xpath=//android.view.ViewGroup[@content-desc="Birthday"]'.</msg>
<msg timestamp="20230121 15:53:57.914" level="INFO">xpath criteria: //android.view.ViewGroup[@content-desc="Birthday"]</msg>
<status status="PASS" starttime="20230121 15:53:57.011" endtime="20230121 15:53:57.914"/>
</kw>
<kw name="Wait Until Page Contains Element" library="AppiumLibrary">
<arg>xpath=//android.widget.EditText[@resource-id="android:id/numberpicker_input"]</arg>
<arg>30s</arg>
<doc>Waits until element specified with `locator` appears on current page.</doc>
<msg timestamp="20230121 15:53:58.676" level="INFO">xpath criteria: //android.widget.EditText[@resource-id="android:id/numberpicker_input"]</msg>
<status status="PASS" starttime="20230121 15:53:57.914" endtime="20230121 15:53:58.676"/>
</kw>
<kw name="Click Element" library="AppiumLibrary">
<arg>xpath=//android.widget.EditText[@resource-id="android:id/numberpicker_input"]</arg>
<doc>Click element identified by `locator`.</doc>
<msg timestamp="20230121 15:53:58.680" level="INFO">Clicking element 'xpath=//android.widget.EditText[@resource-id="android:id/numberpicker_input"]'.</msg>
<msg timestamp="20230121 15:54:01.520" level="INFO">xpath criteria: //android.widget.EditText[@resource-id="android:id/numberpicker_input"]</msg>
<status status="PASS" starttime="20230121 15:53:58.676" endtime="20230121 15:54:01.521"/>
</kw>
<kw name="Wait Until Page Contains Element" library="AppiumLibrary">
<arg>xpath=//android.widget.EditText[@resource-id="android:id/numberpicker_input"]</arg>
<doc>Waits until element specified with `locator` appears on current page.</doc>
<msg timestamp="20230121 15:54:01.920" level="INFO">xpath criteria: //android.widget.EditText[@resource-id="android:id/numberpicker_input"]</msg>
<status status="PASS" starttime="20230121 15:54:01.521" endtime="20230121 15:54:01.920"/>
</kw>
<kw name="Clear Text" library="AppiumLibrary">
<arg>xpath=//android.widget.EditText[@resource-id="android:id/numberpicker_input"]</arg>
<doc>Clears the text field identified by `locator`.</doc>
<msg timestamp="20230121 15:54:01.921" level="INFO">Clear text field 'xpath=//android.widget.EditText[@resource-id="android:id/numberpicker_input"]'</msg>
<msg timestamp="20230121 15:54:02.685" level="INFO">xpath criteria: //android.widget.EditText[@resource-id="android:id/numberpicker_input"]</msg>
<status status="PASS" starttime="20230121 15:54:01.920" endtime="20230121 15:54:02.685"/>
</kw>
<kw name="Wait Until Page Contains Element" library="AppiumLibrary">
<arg>xpath=//android.widget.EditText[@resource-id="android:id/numberpicker_input"]</arg>
<arg>30s</arg>
<doc>Waits until element specified with `locator` appears on current page.</doc>
<msg timestamp="20230121 15:54:03.395" level="INFO">xpath criteria: //android.widget.EditText[@resource-id="android:id/numberpicker_input"]</msg>
<status status="PASS" starttime="20230121 15:54:02.686" endtime="20230121 15:54:03.395"/>
</kw>
<kw name="Input Text" library="AppiumLibrary">
<arg>xpath=//android.widget.EditText[@resource-id="android:id/numberpicker_input"]</arg>
<arg>Apr</arg>
<doc>Types the given `text` into text field identified by `locator`.</doc>
<msg timestamp="20230121 15:54:03.399" level="INFO">Typing text 'Apr' into text field 'xpath=//android.widget.EditText[@resource-id="android:id/numberpicker_input"]'</msg>
<msg timestamp="20230121 15:54:05.543" level="INFO">xpath criteria: //android.widget.EditText[@resource-id="android:id/numberpicker_input"]</msg>
<status status="PASS" starttime="20230121 15:54:03.396" endtime="20230121 15:54:05.544"/>
</kw>
<kw name="Wait Until Page Contains Element" library="AppiumLibrary">
<arg>xpath=(//android.widget.EditText[@resource-id="android:id/numberpicker_input"])[2]</arg>
<arg>30s</arg>
<doc>Waits until element specified with `locator` appears on current page.</doc>
<msg timestamp="20230121 15:54:06.140" level="INFO">xpath criteria: (//android.widget.EditText[@resource-id="android:id/numberpicker_input"])[2]</msg>
<status status="PASS" starttime="20230121 15:54:05.544" endtime="20230121 15:54:06.141"/>
</kw>
<kw name="Click Element" library="AppiumLibrary">
<arg>xpath=(//android.widget.EditText[@resource-id="android:id/numberpicker_input"])[2]</arg>
<doc>Click element identified by `locator`.</doc>
<msg timestamp="20230121 15:54:06.146" level="INFO">Clicking element 'xpath=(//android.widget.EditText[@resource-id="android:id/numberpicker_input"])[2]'.</msg>
<msg timestamp="20230121 15:54:06.968" level="INFO">xpath criteria: (//android.widget.EditText[@resource-id="android:id/numberpicker_input"])[2]</msg>
<status status="PASS" starttime="20230121 15:54:06.142" endtime="20230121 15:54:06.968"/>
</kw>
<kw name="Wait Until Page Contains Element" library="AppiumLibrary">
<arg>xpath=(//android.widget.EditText[@resource-id="android:id/numberpicker_input"])[2]</arg>
<doc>Waits until element specified with `locator` appears on current page.</doc>
<msg timestamp="20230121 15:54:07.736" level="INFO">xpath criteria: (//android.widget.EditText[@resource-id="android:id/numberpicker_input"])[2]</msg>
<status status="PASS" starttime="20230121 15:54:06.968" endtime="20230121 15:54:07.737"/>
</kw>
<kw name="Clear Text" library="AppiumLibrary">
<arg>xpath=(//android.widget.EditText[@resource-id="android:id/numberpicker_input"])[2]</arg>
<doc>Clears the text field identified by `locator`.</doc>
<msg timestamp="20230121 15:54:07.741" level="INFO">Clear text field 'xpath=(//android.widget.EditText[@resource-id="android:id/numberpicker_input"])[2]'</msg>
<msg timestamp="20230121 15:54:08.348" level="INFO">xpath criteria: (//android.widget.EditText[@resource-id="android:id/numberpicker_input"])[2]</msg>
<status status="PASS" starttime="20230121 15:54:07.738" endtime="20230121 15:54:08.348"/>
</kw>
<kw name="Wait Until Page Contains Element" library="AppiumLibrary">
<arg>xpath=(//android.widget.EditText[@resource-id="android:id/numberpicker_input"])[2]</arg>
<arg>30s</arg>
<doc>Waits until element specified with `locator` appears on current page.</doc>
<msg timestamp="20230121 15:54:08.896" level="INFO">xpath criteria: (//android.widget.EditText[@resource-id="android:id/numberpicker_input"])[2]</msg>
<status status="PASS" starttime="20230121 15:54:08.348" endtime="20230121 15:54:08.896"/>
</kw>
<kw name="Input Text" library="AppiumLibrary">
<arg>xpath=(//android.widget.EditText[@resource-id="android:id/numberpicker_input"])[2]</arg>
<arg>23</arg>
<doc>Types the given `text` into text field identified by `locator`.</doc>
<msg timestamp="20230121 15:54:08.899" level="INFO">Typing text '23' into text field 'xpath=(//android.widget.EditText[@resource-id="android:id/numberpicker_input"])[2]'</msg>
<msg timestamp="20230121 15:54:09.623" level="INFO">xpath criteria: (//android.widget.EditText[@resource-id="android:id/numberpicker_input"])[2]</msg>
<status status="PASS" starttime="20230121 15:54:08.896" endtime="20230121 15:54:09.623"/>
</kw>
<kw name="Wait Until Page Contains Element" library="AppiumLibrary">
<arg>xpath=(//android.widget.EditText[@resource-id="android:id/numberpicker_input"])[3]</arg>
<arg>30s</arg>
<doc>Waits until element specified with `locator` appears on current page.</doc>
<msg timestamp="20230121 15:54:10.260" level="INFO">xpath criteria: (//android.widget.EditText[@resource-id="android:id/numberpicker_input"])[3]</msg>
<status status="PASS" starttime="20230121 15:54:09.623" endtime="20230121 15:54:10.260"/>
</kw>
<kw name="Click Element" library="AppiumLibrary">
<arg>xpath=(//android.widget.EditText[@resource-id="android:id/numberpicker_input"])[3]</arg>
<doc>Click element identified by `locator`.</doc>
<msg timestamp="20230121 15:54:10.264" level="INFO">Clicking element 'xpath=(//android.widget.EditText[@resource-id="android:id/numberpicker_input"])[3]'.</msg>
<msg timestamp="20230121 15:54:11.094" level="INFO">xpath criteria: (//android.widget.EditText[@resource-id="android:id/numberpicker_input"])[3]</msg>
<status status="PASS" starttime="20230121 15:54:10.260" endtime="20230121 15:54:11.094"/>
</kw>
<kw name="Wait Until Page Contains Element" library="AppiumLibrary">
<arg>xpath=(//android.widget.EditText[@resource-id="android:id/numberpicker_input"])[3]</arg>
<doc>Waits until element specified with `locator` appears on current page.</doc>
<msg timestamp="20230121 15:54:12.680" level="INFO">xpath criteria: (//android.widget.EditText[@resource-id="android:id/numberpicker_input"])[3]</msg>
<status status="PASS" starttime="20230121 15:54:11.094" endtime="20230121 15:54:12.680"/>
</kw>
<kw name="Clear Text" library="AppiumLibrary">
<arg>xpath=(//android.widget.EditText[@resource-id="android:id/numberpicker_input"])[3]</arg>
<doc>Clears the text field identified by `locator`.</doc>
<msg timestamp="20230121 15:54:12.684" level="INFO">Clear text field 'xpath=(//android.widget.EditText[@resource-id="android:id/numberpicker_input"])[3]'</msg>
<msg timestamp="20230121 15:54:13.619" level="INFO">xpath criteria: (//android.widget.EditText[@resource-id="android:id/numberpicker_input"])[3]</msg>
<status status="PASS" starttime="20230121 15:54:12.681" endtime="20230121 15:54:13.619"/>
</kw>
<kw name="Wait Until Page Contains Element" library="AppiumLibrary">
<arg>xpath=(//android.widget.EditText[@resource-id="android:id/numberpicker_input"])[2]</arg>
<arg>30s</arg>
<doc>Waits until element specified with `locator` appears on current page.</doc>
<msg timestamp="20230121 15:54:14.268" level="INFO">xpath criteria: (//android.widget.EditText[@resource-id="android:id/numberpicker_input"])[2]</msg>
<status status="PASS" starttime="20230121 15:54:13.619" endtime="20230121 15:54:14.268"/>
</kw>
<kw name="Input Text" library="AppiumLibrary">
<arg>xpath=(//android.widget.EditText[@resource-id="android:id/numberpicker_input"])[3]</arg>
<arg>2001</arg>
<doc>Types the given `text` into text field identified by `locator`.</doc>
<msg timestamp="20230121 15:54:14.270" level="INFO">Typing text '2001' into text field 'xpath=(//android.widget.EditText[@resource-id="android:id/numberpicker_input"])[3]'</msg>
<msg timestamp="20230121 15:54:15.556" level="INFO">xpath criteria: (//android.widget.EditText[@resource-id="android:id/numberpicker_input"])[3]</msg>
<status status="PASS" starttime="20230121 15:54:14.268" endtime="20230121 15:54:15.556"/>
</kw>
<status status="PASS" starttime="20230121 15:53:11.219" endtime="20230121 15:54:15.557"/>
</test>
<status status="PASS" starttime="20230121 15:53:10.804" endtime="20230121 15:54:15.560"/>
</suite>
<statistics>
<total>
<stat pass="1" fail="0" skip="0">All Tests</stat>
</total>
<tag>
</tag>
<suite>
<stat pass="1" fail="0" skip="0" id="s1" name="Demo2 Android Native App">Demo2 Android Native App</stat>
</suite>
</statistics>
<errors>
</errors>
</robot>
