<?xml version="1.0" encoding="UTF-8"?>
<robot generator="Robot 6.0.2 (Python 3.11.1 on win32)" generated="20230123 16:20:19.744" rpa="false" schemaversion="3">
<suite id="s1" name="Demo4 Uiselector" source="C:\Users\40032117\robot_project\appium_suite\demo4_uiselector.robot">
<test id="s1-t1" name="TC1" line="4">
<kw name="Create Dictionary" library="BuiltIn">
<var>&amp;{dic}</var>
<arg>buildName=khan lt7</arg>
<arg>projectName=khanmproject lt7</arg>
<arg>userName=sudharshank_QgXcKx</arg>
<arg>accessKey=7DCKJuFpFVocWUJTzHQ2</arg>
<doc>Creates and returns a dictionary based on the given ``items``.</doc>
<msg timestamp="20230123 16:20:20.020" level="INFO">&amp;{dic} = { buildName=khan lt7 | projectName=khanmproject lt7 | userName=sudharshank_QgXcKx | accessKey=7DCKJuFpFVocWUJTzHQ2 }</msg>
<status status="PASS" starttime="20230123 16:20:20.019" endtime="20230123 16:20:20.021"/>
</kw>
<kw name="Open Application" library="AppiumLibrary">
<arg>remote_url=http://hub.browserstack.com/wd/hub</arg>
<arg>platformName=android</arg>
<arg>deviceName=Google Pixel 3</arg>
<arg>app=bs://69fb0e65d332ba6120ed6f33c10b3cce89f6170b</arg>
<arg>noReset=true</arg>
<arg>platformVersion=9.0</arg>
<arg>bstack:options=${dic}</arg>
<doc>Opens a new application to given Appium server.
Capabilities of appium server, Android and iOS,
Please check https://github.com/appium/appium/blob/master/docs/en/writing-running-appium/server-args.md
| *Option*            | *Man.* | *Description*     |
| remote_url          | Yes    | Appium server url |
| alias               | no     | alias             |
| strict_ssl          | No     | allows you to send commands to an invalid certificate host like a self-signed one. |</doc>
<kw name="Capture Page Screenshot" library="AppiumLibrary">
<doc>Takes a screenshot of the current page and embeds it into the log.</doc>
<msg timestamp="20230123 16:20:21.646" level="FAIL">No application is open</msg>
<status status="FAIL" starttime="20230123 16:20:21.646" endtime="20230123 16:20:21.651"/>
</kw>
<msg timestamp="20230123 16:20:21.652" level="WARN">Keyword 'Capture Page Screenshot' could not be run on failure: No application is open</msg>
<msg timestamp="20230123 16:20:21.653" level="FAIL">WebDriverException: Message: App Automate testing time has expired. Contact BrowserStack Support at https://www.browserstack.com/contact for extending your Free Trial.
</msg>
<status status="FAIL" starttime="20230123 16:20:20.022" endtime="20230123 16:20:21.656"/>
</kw>
<kw name="Set Appium Timeout" library="AppiumLibrary">
<arg>30s</arg>
<doc>Sets the timeout in seconds used by various keywords.</doc>
<status status="NOT RUN" starttime="20230123 16:20:21.657" endtime="20230123 16:20:21.657"/>
</kw>
<kw name="Run Keyword And Ignore Error" library="BuiltIn">
<arg>Wait Until Page Contains Element</arg>
<arg>android=UiSelector().text("Dismiss")</arg>
<doc>Runs the given keyword with the given arguments and ignores possible error.</doc>
<status status="NOT RUN" starttime="20230123 16:20:21.657" endtime="20230123 16:20:21.657"/>
</kw>
<kw name="Run Keyword And Ignore Error" library="BuiltIn">
<arg>Click Element</arg>
<arg>android=UiSelector().text("Dismiss")</arg>
<doc>Runs the given keyword with the given arguments and ignores possible error.</doc>
<status status="NOT RUN" starttime="20230123 16:20:21.658" endtime="20230123 16:20:21.658"/>
</kw>
<kw name="Wait Until Page Contains Element" library="AppiumLibrary">
<arg>android=UiSelector().description("Settings")</arg>
<doc>Waits until element specified with `locator` appears on current page.</doc>
<status status="NOT RUN" starttime="20230123 16:20:21.658" endtime="20230123 16:20:21.658"/>
</kw>
<kw name="Click Element" library="AppiumLibrary">
<arg>android=UiSelector().description("Settings")</arg>
<doc>Click element identified by `locator`.</doc>
<status status="NOT RUN" starttime="20230123 16:20:21.658" endtime="20230123 16:20:21.658"/>
</kw>
<kw name="Wait Until Page Contains Element" library="AppiumLibrary">
<arg>android=UiSelector().textContains("Sign In")</arg>
<arg>30s</arg>
<doc>Waits until element specified with `locator` appears on current page.</doc>
<status status="NOT RUN" starttime="20230123 16:20:21.658" endtime="20230123 16:20:21.658"/>
</kw>
<kw name="Click Element" library="AppiumLibrary">
<arg>android=UiSelector().textContains("Sign In")</arg>
<doc>Click element identified by `locator`.</doc>
<status status="NOT RUN" starttime="20230123 16:20:21.659" endtime="20230123 16:20:21.659"/>
</kw>
<kw name="Wait Until Page Contains Element" library="AppiumLibrary">
<arg>android=UiSelector().textContains("Sign up with email")</arg>
<arg>30s</arg>
<doc>Waits until element specified with `locator` appears on current page.</doc>
<status status="NOT RUN" starttime="20230123 16:20:21.659" endtime="20230123 16:20:21.659"/>
</kw>
<kw name="Click Element" library="AppiumLibrary">
<arg>android=UiSelector().textContains("Sign up with email")</arg>
<doc>Click element identified by `locator`.</doc>
<status status="NOT RUN" starttime="20230123 16:20:21.659" endtime="20230123 16:20:21.659"/>
</kw>
<kw name="Wait Until Page Contains Element" library="AppiumLibrary">
<arg>android=UiSelector().textContains("First name")</arg>
<doc>Waits until element specified with `locator` appears on current page.</doc>
<status status="NOT RUN" starttime="20230123 16:20:21.659" endtime="20230123 16:20:21.660"/>
</kw>
<kw name="Wait Until Page Contains Element" library="AppiumLibrary">
<arg>android=UiSelector().textContains("Last name")</arg>
<doc>Waits until element specified with `locator` appears on current page.</doc>
<status status="NOT RUN" starttime="20230123 16:20:21.660" endtime="20230123 16:20:21.660"/>
</kw>
<kw name="Input Text" library="AppiumLibrary">
<arg>android=UiSelector().textContains("Last name")</arg>
<arg>K</arg>
<doc>Types the given `text` into text field identified by `locator`.</doc>
<status status="NOT RUN" starttime="20230123 16:20:21.660" endtime="20230123 16:20:21.660"/>
</kw>
<kw name="Wait Until Page Contains Element" library="AppiumLibrary">
<arg>xpath=UiSelector().textContains("Birthday")</arg>
<doc>Waits until element specified with `locator` appears on current page.</doc>
<status status="NOT RUN" starttime="20230123 16:20:21.660" endtime="20230123 16:20:21.660"/>
</kw>
<kw name="Click Element" library="AppiumLibrary">
<arg>xpath=UiSelector().textContains("Birthday")</arg>
<doc>Click element identified by `locator`.</doc>
<status status="NOT RUN" starttime="20230123 16:20:21.660" endtime="20230123 16:20:21.660"/>
</kw>
<kw name="Wait Until Page Contains Element" library="AppiumLibrary">
<arg>android=UiSelector().resourceId("android:id/numberpicker_input")</arg>
<doc>Waits until element specified with `locator` appears on current page.</doc>
<status status="NOT RUN" starttime="20230123 16:20:21.661" endtime="20230123 16:20:21.661"/>
</kw>
<kw name="Click Element" library="AppiumLibrary">
<arg>android=UiSelector().resourceId("android:id/numberpicker_input")</arg>
<doc>Click element identified by `locator`.</doc>
<status status="NOT RUN" starttime="20230123 16:20:21.661" endtime="20230123 16:20:21.661"/>
</kw>
<kw name="Clear Text" library="AppiumLibrary">
<arg>android=UiSelector().resourceId("android:id/numberpicker_input")</arg>
<doc>Clears the text field identified by `locator`.</doc>
<status status="NOT RUN" starttime="20230123 16:20:21.661" endtime="20230123 16:20:21.661"/>
</kw>
<kw name="Input Text" library="AppiumLibrary">
<arg>android=UiSelector().resourceId("android:id/numberpicker_input")</arg>
<arg>Dec</arg>
<doc>Types the given `text` into text field identified by `locator`.</doc>
<status status="NOT RUN" starttime="20230123 16:20:21.661" endtime="20230123 16:20:21.661"/>
</kw>
<kw name="Click Element" library="AppiumLibrary">
<arg>android=UiSelector().resourceId("android:id/numberpicker_input").instance(1)</arg>
<doc>Click element identified by `locator`.</doc>
<status status="NOT RUN" starttime="20230123 16:20:21.661" endtime="20230123 16:20:21.661"/>
</kw>
<kw name="Clear Text" library="AppiumLibrary">
<arg>android=UiSelector().resourceId("android:id/numberpicker_input").instance(1)</arg>
<doc>Clears the text field identified by `locator`.</doc>
<status status="NOT RUN" starttime="20230123 16:20:21.662" endtime="20230123 16:20:21.662"/>
</kw>
<kw name="Input Text" library="AppiumLibrary">
<arg>android=UiSelector().resourceId("android:id/numberpicker_input").instance(1)</arg>
<arg>20</arg>
<doc>Types the given `text` into text field identified by `locator`.</doc>
<status status="NOT RUN" starttime="20230123 16:20:21.662" endtime="20230123 16:20:21.662"/>
</kw>
<kw name="Click Element" library="AppiumLibrary">
<arg>android=UiSelector().resourceId("android:id/numberpicker_input").instance(2)</arg>
<doc>Click element identified by `locator`.</doc>
<status status="NOT RUN" starttime="20230123 16:20:21.662" endtime="20230123 16:20:21.662"/>
</kw>
<kw name="Clear Text" library="AppiumLibrary">
<arg>android=UiSelector().resourceId("android:id/numberpicker_input").instance(2)</arg>
<doc>Clears the text field identified by `locator`.</doc>
<status status="NOT RUN" starttime="20230123 16:20:21.662" endtime="20230123 16:20:21.663"/>
</kw>
<kw name="Input Text" library="AppiumLibrary">
<arg>android=UiSelector().resourceId("android:id/numberpicker_input").instance(2)</arg>
<arg>1999</arg>
<doc>Types the given `text` into text field identified by `locator`.</doc>
<status status="NOT RUN" starttime="20230123 16:20:21.663" endtime="20230123 16:20:21.663"/>
</kw>
<kw name="Click Element" library="AppiumLibrary">
<arg>android=UiSelector().textContains("OK")</arg>
<doc>Click element identified by `locator`.</doc>
<status status="NOT RUN" starttime="20230123 16:20:21.663" endtime="20230123 16:20:21.663"/>
</kw>
<kw name="Close Application" library="AppiumLibrary" type="TEARDOWN">
<doc>Closes the current application and also close webdriver session.</doc>
<kw name="Capture Page Screenshot" library="AppiumLibrary">
<doc>Takes a screenshot of the current page and embeds it into the log.</doc>
<msg timestamp="20230123 16:20:21.664" level="FAIL">No application is open</msg>
<status status="FAIL" starttime="20230123 16:20:21.664" endtime="20230123 16:20:21.665"/>
</kw>
<msg timestamp="20230123 16:20:21.667" level="WARN">Keyword 'Capture Page Screenshot' could not be run on failure: No application is open</msg>
<msg timestamp="20230123 16:20:21.667" level="FAIL">No application is open</msg>
<status status="FAIL" starttime="20230123 16:20:21.663" endtime="20230123 16:20:21.668">No application is open</status>
</kw>
<status status="FAIL" starttime="20230123 16:20:20.019" endtime="20230123 16:20:21.668">WebDriverException: Message: App Automate testing time has expired. Contact BrowserStack Support at https://www.browserstack.com/contact for extending your Free Trial.


Also teardown failed:
No application is open</status>
</test>
<status status="FAIL" starttime="20230123 16:20:19.747" endtime="20230123 16:20:21.670"/>
</suite>
<statistics>
<total>
<stat pass="0" fail="1" skip="0">All Tests</stat>
</total>
<tag>
</tag>
<suite>
<stat pass="0" fail="1" skip="0" id="s1" name="Demo4 Uiselector">Demo4 Uiselector</stat>
</suite>
</statistics>
<errors>
<msg timestamp="20230123 16:20:21.652" level="WARN">Keyword 'Capture Page Screenshot' could not be run on failure: No application is open</msg>
<msg timestamp="20230123 16:20:21.667" level="WARN">Keyword 'Capture Page Screenshot' could not be run on failure: No application is open</msg>
</errors>
</robot>
