<?xml version="1.0" encoding="UTF-8"?>
<robot generator="Robot 6.0.2 (Python 3.11.1 on win32)" generated="20230120 17:56:51.786" rpa="false" schemaversion="3">
<suite id="s1" name="Demo1 App Launch" source="C:\Users\40032117\robot_project\appium_suite\demo1_app_launch.robot">
<test id="s1-t1" name="TC2" line="18">
<kw name="Create Dictionary" library="BuiltIn">
<var>&amp;{dic}</var>
<arg>buildName=khan lt7</arg>
<arg>projectName=khanmproject lt7</arg>
<arg>userName=sudharshank_WeG5ZS</arg>
<arg>accessKey=vVZ1CcqpUzfs528yAAfd</arg>
<doc>Creates and returns a dictionary based on the given ``items``.</doc>
<msg timestamp="20230120 17:56:52.235" level="INFO">&amp;{dic} = { buildName=khan lt7 | projectName=khanmproject lt7 | userName=sudharshank_WeG5ZS | accessKey=vVZ1CcqpUzfs528yAAfd }</msg>
<status status="PASS" starttime="20230120 17:56:52.235" endtime="20230120 17:56:52.235"/>
</kw>
<kw name="Open Application" library="AppiumLibrary">
<arg>remote_url=http://hub.browserstack.com/wd/hub</arg>
<arg>platformName=android</arg>
<arg>deviceName=Google Pixel 3</arg>
<arg>app=bs://8fb40f6cb6cc54794bb513c358392c7e78e2b1b8</arg>
<arg>platformVersion=9.0</arg>
<arg>bstack:options=${dic}</arg>
<doc>Opens a new application to given Appium server.
Capabilities of appium server, Android and iOS,
Please check https://github.com/appium/appium/blob/master/docs/en/writing-running-appium/server-args.md
| *Option*            | *Man.* | *Description*     |
| remote_url          | Yes    | Appium server url |
| alias               | no     | alias             |
| strict_ssl          | No     | allows you to send commands to an invalid certificate host like a self-signed one. |</doc>
<status status="PASS" starttime="20230120 17:56:52.243" endtime="20230120 17:57:22.139"/>
</kw>
<kw name="Wait Until Page Contains Element" library="AppiumLibrary">
<arg>xpath=//*[@text='Dismiss']</arg>
<doc>Waits until element specified with `locator` appears on current page.</doc>
<msg timestamp="20230120 17:57:24.824" level="INFO">xpath criteria: //*[@text='Dismiss']
xpath criteria: //*[@text='Dismiss']</msg>
<status status="PASS" starttime="20230120 17:57:22.139" endtime="20230120 17:57:24.824"/>
</kw>
<kw name="Click Element" library="AppiumLibrary">
<arg>xpath=//*[@text='Dismiss']</arg>
<doc>Click element identified by `locator`.</doc>
<msg timestamp="20230120 17:57:24.824" level="INFO">Clicking element 'xpath=//*[@text='Dismiss']'.</msg>
<msg timestamp="20230120 17:57:26.066" level="INFO">xpath criteria: //*[@text='Dismiss']</msg>
<status status="PASS" starttime="20230120 17:57:24.824" endtime="20230120 17:57:26.066"/>
</kw>
<kw name="Wait Until Page Contains Element" library="AppiumLibrary">
<arg>xpath=//android.widget.TextView[@text='Sign in']</arg>
<doc>Waits until element specified with `locator` appears on current page.</doc>
<msg timestamp="20230120 17:57:27.265" level="INFO">xpath criteria: //android.widget.TextView[@text='Sign in']</msg>
<status status="PASS" starttime="20230120 17:57:26.066" endtime="20230120 17:57:27.265"/>
</kw>
<kw name="Click Element" library="AppiumLibrary">
<arg>xpath=//android.widget.TextView[@text='Sign in']</arg>
<doc>Click element identified by `locator`.</doc>
<msg timestamp="20230120 17:57:27.273" level="INFO">Clicking element 'xpath=//android.widget.TextView[@text='Sign in']'.</msg>
<msg timestamp="20230120 17:57:28.724" level="INFO">xpath criteria: //android.widget.TextView[@text='Sign in']</msg>
<status status="PASS" starttime="20230120 17:57:27.265" endtime="20230120 17:57:28.724"/>
</kw>
<kw name="Wait Until Page Contains Element" library="AppiumLibrary">
<arg>xpath=//android.widget.TextView[@text='Sign in']</arg>
<doc>Waits until element specified with `locator` appears on current page.</doc>
<msg timestamp="20230120 17:57:29.369" level="INFO">xpath criteria: //android.widget.TextView[@text='Sign in']</msg>
<status status="PASS" starttime="20230120 17:57:28.724" endtime="20230120 17:57:29.369"/>
</kw>
<kw name="Click Element" library="AppiumLibrary">
<arg>xpath=//android.widget.TextView[@text='Sign in']</arg>
<doc>Click element identified by `locator`.</doc>
<msg timestamp="20230120 17:57:29.369" level="INFO">Clicking element 'xpath=//android.widget.TextView[@text='Sign in']'.</msg>
<msg timestamp="20230120 17:57:30.878" level="INFO">xpath criteria: //android.widget.TextView[@text='Sign in']</msg>
<status status="PASS" starttime="20230120 17:57:29.369" endtime="20230120 17:57:30.878"/>
</kw>
<kw name="Wait Until Page Contains Element" library="AppiumLibrary">
<arg>xpath=//android.widget.EditText[@content-desc="Enter an e-mail address or username"]</arg>
<arg>30s</arg>
<doc>Waits until element specified with `locator` appears on current page.</doc>
<msg timestamp="20230120 17:57:31.804" level="INFO">xpath criteria: //android.widget.EditText[@content-desc="Enter an e-mail address or username"]</msg>
<status status="PASS" starttime="20230120 17:57:30.878" endtime="20230120 17:57:31.808"/>
</kw>
<kw name="Input Text" library="AppiumLibrary">
<arg>xpath=//android.widget.EditText[@content-desc="Enter an e-mail address or username"]</arg>
<arg>sudharshan.k234@gmail.com</arg>
<doc>Types the given `text` into text field identified by `locator`.</doc>
<msg timestamp="20230120 17:57:31.808" level="INFO">Typing text 'sudharshan.k234@gmail.com' into text field 'xpath=//android.widget.EditText[@content-desc="Enter an e-mail address or username"]'</msg>
<msg timestamp="20230120 17:57:33.036" level="INFO">xpath criteria: //android.widget.EditText[@content-desc="Enter an e-mail address or username"]</msg>
<status status="PASS" starttime="20230120 17:57:31.808" endtime="20230120 17:57:33.036"/>
</kw>
<kw name="Wait Until Page Contains Element" library="AppiumLibrary">
<arg>xpath=//android.widget.EditText[@content-desc="Password"]</arg>
<arg>30s</arg>
<doc>Waits until element specified with `locator` appears on current page.</doc>
<msg timestamp="20230120 17:57:33.954" level="INFO">xpath criteria: //android.widget.EditText[@content-desc="Password"]</msg>
<status status="PASS" starttime="20230120 17:57:33.036" endtime="20230120 17:57:33.954"/>
</kw>
<kw name="Input Text" library="AppiumLibrary">
<arg>xpath=//android.widget.EditText[@content-desc="Password"]</arg>
<arg>sudharshan123</arg>
<doc>Types the given `text` into text field identified by `locator`.</doc>
<msg timestamp="20230120 17:57:33.954" level="INFO">Typing text 'sudharshan123' into text field 'xpath=//android.widget.EditText[@content-desc="Password"]'</msg>
<msg timestamp="20230120 17:57:35.729" level="INFO">xpath criteria: //android.widget.EditText[@content-desc="Password"]</msg>
<status status="PASS" starttime="20230120 17:57:33.954" endtime="20230120 17:57:35.729"/>
</kw>
<kw name="Wait Until Page Contains Element" library="AppiumLibrary">
<arg>xpath=//android.widget.Button[@content-desc="Sign in"]/android.widget.TextView</arg>
<arg>30s</arg>
<doc>Waits until element specified with `locator` appears on current page.</doc>
<msg timestamp="20230120 17:57:36.589" level="INFO">xpath criteria: //android.widget.Button[@content-desc="Sign in"]/android.widget.TextView</msg>
<status status="PASS" starttime="20230120 17:57:35.729" endtime="20230120 17:57:36.589"/>
</kw>
<kw name="Click Element" library="AppiumLibrary">
<arg>xpath=//android.widget.Button[@content-desc="Sign in"]/android.widget.TextView</arg>
<doc>Click element identified by `locator`.</doc>
<msg timestamp="20230120 17:57:36.589" level="INFO">Clicking element 'xpath=//android.widget.Button[@content-desc="Sign in"]/android.widget.TextView'.</msg>
<msg timestamp="20230120 17:57:37.954" level="INFO">xpath criteria: //android.widget.Button[@content-desc="Sign in"]/android.widget.TextView</msg>
<status status="PASS" starttime="20230120 17:57:36.589" endtime="20230120 17:57:37.954"/>
</kw>
<kw name="Wait Until Page Contains Element" library="AppiumLibrary">
<arg>xpath=//*[contains(@text,'signing')]</arg>
<arg>30s</arg>
<doc>Waits until element specified with `locator` appears on current page.</doc>
<msg timestamp="20230120 17:57:38.934" level="INFO">xpath criteria: //*[contains(@text,'signing')]</msg>
<status status="PASS" starttime="20230120 17:57:37.954" endtime="20230120 17:57:38.935"/>
</kw>
<kw name="Element Should Contain Text" library="AppiumLibrary">
<arg>xpath=//*[contains(@text,'signing')]</arg>
<arg>There was an issue signing in</arg>
<doc>Verifies element identified by ``locator`` contains text ``expected``.</doc>
<msg timestamp="20230120 17:57:38.938" level="INFO">Verifying element 'xpath=//*[contains(@text,'signing')]' contains text 'There was an issue signing in'.</msg>
<msg timestamp="20230120 17:57:39.711" level="INFO">xpath criteria: //*[contains(@text,'signing')]</msg>
<status status="PASS" starttime="20230120 17:57:38.935" endtime="20230120 17:57:39.711"/>
</kw>
<kw name="Sleep" library="BuiltIn">
<arg>5s</arg>
<doc>Pauses the test executed for the given time.</doc>
<msg timestamp="20230120 17:57:44.711" level="INFO">Slept 5 seconds</msg>
<status status="PASS" starttime="20230120 17:57:39.711" endtime="20230120 17:57:44.711"/>
</kw>
<kw name="Close Application" library="AppiumLibrary" type="TEARDOWN">
<doc>Closes the current application and also close webdriver session.</doc>
<status status="PASS" starttime="20230120 17:57:44.711" endtime="20230120 17:57:46.337"/>
</kw>
<status status="PASS" starttime="20230120 17:56:52.235" endtime="20230120 17:57:46.337"/>
</test>
<status status="PASS" starttime="20230120 17:56:51.792" endtime="20230120 17:57:46.347"/>
</suite>
<statistics>
<total>
<stat pass="1" fail="0" skip="0">All Tests</stat>
</total>
<tag>
</tag>
<suite>
<stat pass="1" fail="0" skip="0" id="s1" name="Demo1 App Launch">Demo1 App Launch</stat>
</suite>
</statistics>
<errors>
</errors>
</robot>
