<?xml version="1.0" encoding="UTF-8"?>
<robot generator="Robot 6.0.2 (Python 3.11.1 on win32)" generated="20230119 14:22:17.124" rpa="false" schemaversion="3">
<suite id="s1" name="Demo3" source="C:\Users\40032117\robot_project\robot_suite\demo3.robot">
<test id="s1-t1" name="TC9" line="53">
<kw name="Create Dictionary" library="BuiltIn">
<var>&amp;{emp_dic}</var>
<arg>emp_id=101</arg>
<arg>emp_name=jack</arg>
<arg>role=qa</arg>
<doc>Creates and returns a dictionary based on the given ``items``.</doc>
<msg timestamp="20230119 14:22:17.171" level="INFO">&amp;{emp_dic} = { emp_id=101 | emp_name=jack | role=qa }</msg>
<status status="PASS" starttime="20230119 14:22:17.171" endtime="20230119 14:22:17.187"/>
</kw>
<kw name="Log To Console" library="BuiltIn">
<arg>${emp_dic}</arg>
<doc>Logs the given message to the console.</doc>
<status status="PASS" starttime="20230119 14:22:17.187" endtime="20230119 14:22:17.187"/>
</kw>
<status status="PASS" starttime="20230119 14:22:17.171" endtime="20230119 14:22:17.187"/>
</test>
<status status="PASS" starttime="20230119 14:22:17.138" endtime="20230119 14:22:17.187"/>
</suite>
<statistics>
<total>
<stat pass="1" fail="0" skip="0">All Tests</stat>
</total>
<tag>
</tag>
<suite>
<stat pass="1" fail="0" skip="0" id="s1" name="Demo3">Demo3</stat>
</suite>
</statistics>
<errors>
</errors>
</robot>
